<?xml version="1.0" encoding="UTF-8"?>
<!-- Generated by org.testng.reporters.JUnitReportReporter -->
<testsuite hostname="Hemants-MacBook-Pro.local" name="com.framework.testCases.Test_SingIn" tests="1" failures="0" timestamp="12 Dec 2015 10:45:00 GMT" time="21.456" errors="0">
  <testcase name="main" time="21.456" classname="com.framework.testCases.Test_SingIn"/>
</testsuite> <!-- com.framework.testCases.Test_SingIn -->
